[32m  [INFO] [2020-07-22T12:17:28.288] [D:\Projects\NodeJS\node\src\Dao\Redis.ts 5837] [进程ID：4520] -- 缓存不存在 value: 
 [39m
[32m  [INFO] [2020-07-22T12:17:28.290] [D:\Projects\NodeJS\node\src\Dao\Redis.ts 10437] [进程ID：4520] -- 添加缓存成功 value: {"roomNum":"2828080","player":[{"userId":"1","socketId":"test"}],"chessBoard":{"chessBoard":[[null,null,null,null,null,null,null,null,null,null,null,null,null,null,null],[null,null,null,null,null,null,null,null,null,null,null,null,null,null,null],[null,null,null,null,null,null,null,null,null,null,null,null,null,null,null],[null,null,null,null,null,null,null,null,null,null,null,null,null,null,null],[null,null,null,null,null,null,null,null,null,null,null,null,null,null,null],[null,null,null,null,null,null,null,null,null,null,null,null,null,null,null],[null,null,null,null,null,null,null,null,null,null,null,null,null,null,null],[null,null,null,null,null,null,null,null,null,null,null,null,null,null,null],[null,null,null,null,null,null,null,null,null,null,null,null,null,null,null],[null,null,null,null,null,null,null,null,null,null,null,null,null,null,null],[null,null,null,null,null,null,null,null,null,null,null,null,null,null,null],[null,null,null,null,null,null,null,null,null,null,null,null,null,null,null],[null,null,null,null,null,null,null,null,null,null,null,null,null,null,null],[null,null,null,null,null,null,null,null,null,null,null,null,null,null,null],[null,null,null,null,null,null,null,null,null,null,null,null,null,null,null]],"chessBoardX":[21,64,107,150,193,236,279,322,365,408,451,494,537,580,623],"chessBoardY":[321,364,407,450,493,536,579,622,665,708,751,794,837,880,923]}}
 [39m
[32m  [INFO] [2020-07-22T12:17:28.293] [D:\Projects\NodeJS\node\src\Service\RoomHandle.ts 3829] [进程ID：4520] -- 用户: 1 创建房间：2828080 成功
 [39m
[32m  [INFO] [2020-07-22T12:35:46.012] [D:\Projects\NodeJS\node\src\Dao\Redis.ts 6137] [进程ID：3408] -- 获取缓存成功 value: {"roomNum":"2828080","player":[{"userId":"1","socketId":"test"}],"chessBoard":{"chessBoard":[[null,null,null,null,null,null,null,null,null,null,null,null,null,null,null],[null,null,null,null,null,null,null,null,null,null,null,null,null,null,null],[null,null,null,null,null,null,null,null,null,null,null,null,null,null,null],[null,null,null,null,null,null,null,null,null,null,null,null,null,null,null],[null,null,null,null,null,null,null,null,null,null,null,null,null,null,null],[null,null,null,null,null,null,null,null,null,null,null,null,null,null,null],[null,null,null,null,null,null,null,null,null,null,null,null,null,null,null],[null,null,null,null,null,null,null,null,null,null,null,null,null,null,null],[null,null,null,null,null,null,null,null,null,null,null,null,null,null,null],[null,null,null,null,null,null,null,null,null,null,null,null,null,null,null],[null,null,null,null,null,null,null,null,null,null,null,null,null,null,null],[null,null,null,null,null,null,null,null,null,null,null,null,null,null,null],[null,null,null,null,null,null,null,null,null,null,null,null,null,null,null],[null,null,null,null,null,null,null,null,null,null,null,null,null,null,null],[null,null,null,null,null,null,null,null,null,null,null,null,null,null,null]],"chessBoardX":[21,64,107,150,193,236,279,322,365,408,451,494,537,580,623],"chessBoardY":[321,364,407,450,493,536,579,622,665,708,751,794,837,880,923]}}
 [39m
[32m  [INFO] [2020-07-22T12:37:12.254] [D:\Projects\NodeJS\node\src\Dao\Redis.ts 6337] [进程ID：5184] -- room 缓存数为0
 [39m
[32m  [INFO] [2020-07-22T12:45:40.589] [D:\Projects\NodeJS\node\src\Dao\Redis.ts 6437] [进程ID：8004] -- rooms 缓存数为0
 [39m
[32m  [INFO] [2020-07-22T12:50:38.912] [D:\Projects\NodeJS\node\src\Dao\Redis.ts 6437] [进程ID：2580] -- rooms 缓存数为0
 [39m
[32m  [INFO] [2020-07-22T12:50:38.925] [D:\Projects\NodeJS\node\src\Dao\Redis.ts 11337] [进程ID：2580] -- 添加缓存成功 value: {"roomNum":"5632574","player":[{"userId":"1","socketId":"test"}],"chessBoard":{"chessBoard":[[null,null,null,null,null,null,null,null,null,null,null,null,null,null,null],[null,null,null,null,null,null,null,null,null,null,null,null,null,null,null],[null,null,null,null,null,null,null,null,null,null,null,null,null,null,null],[null,null,null,null,null,null,null,null,null,null,null,null,null,null,null],[null,null,null,null,null,null,null,null,null,null,null,null,null,null,null],[null,null,null,null,null,null,null,null,null,null,null,null,null,null,null],[null,null,null,null,null,null,null,null,null,null,null,null,null,null,null],[null,null,null,null,null,null,null,null,null,null,null,null,null,null,null],[null,null,null,null,null,null,null,null,null,null,null,null,null,null,null],[null,null,null,null,null,null,null,null,null,null,null,null,null,null,null],[null,null,null,null,null,null,null,null,null,null,null,null,null,null,null],[null,null,null,null,null,null,null,null,null,null,null,null,null,null,null],[null,null,null,null,null,null,null,null,null,null,null,null,null,null,null],[null,null,null,null,null,null,null,null,null,null,null,null,null,null,null],[null,null,null,null,null,null,null,null,null,null,null,null,null,null,null]],"chessBoardX":[21,64,107,150,193,236,279,322,365,408,451,494,537,580,623],"chessBoardY":[321,364,407,450,493,536,579,622,665,708,751,794,837,880,923]}}
 [39m
[32m  [INFO] [2020-07-22T12:50:38.929] [D:\Projects\NodeJS\node\src\Service\RoomHandle.ts 3829] [进程ID：2580] -- 用户: 1 创建房间：5632574 成功
 [39m
[32m  [INFO] [2020-07-22T12:53:53.944] [D:\Projects\NodeJS\node\src\Dao\Redis.ts 6437] [进程ID：11088] -- rooms 缓存数为0
 [39m
[32m  [INFO] [2020-07-22T13:00:12.436] [D:\Projects\NodeJS\node\src\Dao\Redis.ts 6437] [进程ID：2556] -- rooms 缓存数为0
 [39m
[32m  [INFO] [2020-07-22T13:00:12.438] [D:\Projects\NodeJS\node\src\Dao\Redis.ts 11337] [进程ID：2556] -- 添加缓存成功 value: {"roomNum":"1242936","player":[{"userId":"1","socketId":"test"}],"chessBoard":{"chessBoard":[[null,null,null,null,null,null,null,null,null,null,null,null,null,null,null],[null,null,null,null,null,null,null,null,null,null,null,null,null,null,null],[null,null,null,null,null,null,null,null,null,null,null,null,null,null,null],[null,null,null,null,null,null,null,null,null,null,null,null,null,null,null],[null,null,null,null,null,null,null,null,null,null,null,null,null,null,null],[null,null,null,null,null,null,null,null,null,null,null,null,null,null,null],[null,null,null,null,null,null,null,null,null,null,null,null,null,null,null],[null,null,null,null,null,null,null,null,null,null,null,null,null,null,null],[null,null,null,null,null,null,null,null,null,null,null,null,null,null,null],[null,null,null,null,null,null,null,null,null,null,null,null,null,null,null],[null,null,null,null,null,null,null,null,null,null,null,null,null,null,null],[null,null,null,null,null,null,null,null,null,null,null,null,null,null,null],[null,null,null,null,null,null,null,null,null,null,null,null,null,null,null],[null,null,null,null,null,null,null,null,null,null,null,null,null,null,null],[null,null,null,null,null,null,null,null,null,null,null,null,null,null,null]],"chessBoardX":[21,64,107,150,193,236,279,322,365,408,451,494,537,580,623],"chessBoardY":[321,364,407,450,493,536,579,622,665,708,751,794,837,880,923]}}
 [39m
[32m  [INFO] [2020-07-22T13:00:12.450] [D:\Projects\NodeJS\node\src\Service\RoomHandle.ts 3929] [进程ID：2556] -- 用户: 1 创建房间：1242936 成功
 [39m
[32m  [INFO] [2020-07-22T13:00:52.159] [D:\Projects\NodeJS\node\src\Dao\Redis.ts 6437] [进程ID：1308] -- rooms 缓存数为0
 [39m
[32m  [INFO] [2020-07-22T13:00:52.161] [D:\Projects\NodeJS\node\src\Dao\Redis.ts 11337] [进程ID：1308] -- 添加缓存成功 value: {"roomNum":"5215181","player":[{"userId":"1","socketId":"test"}],"chessBoard":{"chessBoard":[[null,null,null,null,null,null,null,null,null,null,null,null,null,null,null],[null,null,null,null,null,null,null,null,null,null,null,null,null,null,null],[null,null,null,null,null,null,null,null,null,null,null,null,null,null,null],[null,null,null,null,null,null,null,null,null,null,null,null,null,null,null],[null,null,null,null,null,null,null,null,null,null,null,null,null,null,null],[null,null,null,null,null,null,null,null,null,null,null,null,null,null,null],[null,null,null,null,null,null,null,null,null,null,null,null,null,null,null],[null,null,null,null,null,null,null,null,null,null,null,null,null,null,null],[null,null,null,null,null,null,null,null,null,null,null,null,null,null,null],[null,null,null,null,null,null,null,null,null,null,null,null,null,null,null],[null,null,null,null,null,null,null,null,null,null,null,null,null,null,null],[null,null,null,null,null,null,null,null,null,null,null,null,null,null,null],[null,null,null,null,null,null,null,null,null,null,null,null,null,null,null],[null,null,null,null,null,null,null,null,null,null,null,null,null,null,null],[null,null,null,null,null,null,null,null,null,null,null,null,null,null,null]],"chessBoardX":[21,64,107,150,193,236,279,322,365,408,451,494,537,580,623],"chessBoardY":[321,364,407,450,493,536,579,622,665,708,751,794,837,880,923]}}
 [39m
[32m  [INFO] [2020-07-22T13:00:52.165] [D:\Projects\NodeJS\node\src\Service\RoomHandle.ts 3929] [进程ID：1308] -- 用户: 1 创建房间：5215181 成功
 [39m
[32m  [INFO] [2020-07-22T13:01:39.766] [D:\Projects\NodeJS\node\src\Dao\Redis.ts 8933] [进程ID：1308] -- 删除缓存5215181~5215181成功
 [39m
[32m  [INFO] [2020-07-22T13:01:39.782] [D:\Projects\NodeJS\node\src\Dao\Redis.ts 6437] [进程ID：1308] -- rooms 缓存数为0
 [39m
[32m  [INFO] [2020-07-22T13:01:39.802] [D:\Projects\NodeJS\node\src\Dao\Redis.ts 11337] [进程ID：1308] -- 添加缓存成功 value: {"roomNum":"5215181","player":[{"userId":3,"socketId":"test"}],"chessBoard":{"chessBoard":[[null,null,null,null,null,null,null,null,null,null,null,null,null,null,null],[null,null,null,null,null,null,null,null,null,null,null,null,null,null,null],[null,null,null,null,null,null,null,null,null,null,null,null,null,null,null],[null,null,null,null,null,null,null,null,null,null,null,null,null,null,null],[null,null,null,null,null,null,null,null,null,null,null,null,null,null,null],[null,null,null,null,null,null,null,null,null,null,null,null,null,null,null],[null,null,null,null,null,null,null,null,null,null,null,null,null,null,null],[null,null,null,null,null,null,null,null,null,null,null,null,null,null,null],[null,null,null,null,null,null,null,null,null,null,null,null,null,null,null],[null,null,null,null,null,null,null,null,null,null,null,null,null,null,null],[null,null,null,null,null,null,null,null,null,null,null,null,null,null,null],[null,null,null,null,null,null,null,null,null,null,null,null,null,null,null],[null,null,null,null,null,null,null,null,null,null,null,null,null,null,null],[null,null,null,null,null,null,null,null,null,null,null,null,null,null,null],[null,null,null,null,null,null,null,null,null,null,null,null,null,null,null]],"chessBoardX":[21,64,107,150,193,236,279,322,365,408,451,494,537,580,623],"chessBoardY":[321,364,407,450,493,536,579,622,665,708,751,794,837,880,923]}}
 [39m
[32m  [INFO] [2020-07-22T13:03:05.940] [D:\Projects\NodeJS\node\src\Dao\Redis.ts 6437] [进程ID：10408] -- rooms 缓存数为0
 [39m
[32m  [INFO] [2020-07-22T13:03:05.942] [D:\Projects\NodeJS\node\src\Dao\Redis.ts 11337] [进程ID：10408] -- 添加缓存成功 value: {"roomNum":"593295","player":[{"userId":"1","socketId":"test"}],"chessBoard":{"chessBoard":[[null,null,null,null,null,null,null,null,null,null,null,null,null,null,null],[null,null,null,null,null,null,null,null,null,null,null,null,null,null,null],[null,null,null,null,null,null,null,null,null,null,null,null,null,null,null],[null,null,null,null,null,null,null,null,null,null,null,null,null,null,null],[null,null,null,null,null,null,null,null,null,null,null,null,null,null,null],[null,null,null,null,null,null,null,null,null,null,null,null,null,null,null],[null,null,null,null,null,null,null,null,null,null,null,null,null,null,null],[null,null,null,null,null,null,null,null,null,null,null,null,null,null,null],[null,null,null,null,null,null,null,null,null,null,null,null,null,null,null],[null,null,null,null,null,null,null,null,null,null,null,null,null,null,null],[null,null,null,null,null,null,null,null,null,null,null,null,null,null,null],[null,null,null,null,null,null,null,null,null,null,null,null,null,null,null],[null,null,null,null,null,null,null,null,null,null,null,null,null,null,null],[null,null,null,null,null,null,null,null,null,null,null,null,null,null,null],[null,null,null,null,null,null,null,null,null,null,null,null,null,null,null]],"chessBoardX":[21,64,107,150,193,236,279,322,365,408,451,494,537,580,623],"chessBoardY":[321,364,407,450,493,536,579,622,665,708,751,794,837,880,923]}}
 [39m
[32m  [INFO] [2020-07-22T13:03:05.947] [D:\Projects\NodeJS\node\src\Service\RoomHandle.ts 3929] [进程ID：10408] -- 用户: 1 创建房间：593295 成功
 [39m
[32m  [INFO] [2020-07-22T13:03:05.948] [D:\Projects\NodeJS\node\src\Dao\Redis.ts 8933] [进程ID：10408] -- 删除缓存593295~593295成功
 [39m
[32m  [INFO] [2020-07-22T13:03:05.949] [D:\Projects\NodeJS\node\src\Dao\Redis.ts 6437] [进程ID：10408] -- rooms 缓存数为0
 [39m
[32m  [INFO] [2020-07-22T13:03:05.950] [D:\Projects\NodeJS\node\src\Dao\Redis.ts 11337] [进程ID：10408] -- 添加缓存成功 value: {"roomNum":"593295","player":[{"userId":3,"socketId":"test"}],"chessBoard":{"chessBoard":[[null,null,null,null,null,null,null,null,null,null,null,null,null,null,null],[null,null,null,null,null,null,null,null,null,null,null,null,null,null,null],[null,null,null,null,null,null,null,null,null,null,null,null,null,null,null],[null,null,null,null,null,null,null,null,null,null,null,null,null,null,null],[null,null,null,null,null,null,null,null,null,null,null,null,null,null,null],[null,null,null,null,null,null,null,null,null,null,null,null,null,null,null],[null,null,null,null,null,null,null,null,null,null,null,null,null,null,null],[null,null,null,null,null,null,null,null,null,null,null,null,null,null,null],[null,null,null,null,null,null,null,null,null,null,null,null,null,null,null],[null,null,null,null,null,null,null,null,null,null,null,null,null,null,null],[null,null,null,null,null,null,null,null,null,null,null,null,null,null,null],[null,null,null,null,null,null,null,null,null,null,null,null,null,null,null],[null,null,null,null,null,null,null,null,null,null,null,null,null,null,null],[null,null,null,null,null,null,null,null,null,null,null,null,null,null,null],[null,null,null,null,null,null,null,null,null,null,null,null,null,null,null]],"chessBoardX":[21,64,107,150,193,236,279,322,365,408,451,494,537,580,623],"chessBoardY":[321,364,407,450,493,536,579,622,665,708,751,794,837,880,923]}}
 [39m
[32m  [INFO] [2020-07-22T13:03:20.868] [D:\Projects\NodeJS\node\src\Dao\Redis.ts 6437] [进程ID：12052] -- rooms 缓存数为0
 [39m
[32m  [INFO] [2020-07-22T13:03:20.870] [D:\Projects\NodeJS\node\src\Dao\Redis.ts 11337] [进程ID：12052] -- 添加缓存成功 value: {"roomNum":"2085993","player":[{"userId":"1","socketId":"test"}],"chessBoard":{"chessBoard":[[null,null,null,null,null,null,null,null,null,null,null,null,null,null,null],[null,null,null,null,null,null,null,null,null,null,null,null,null,null,null],[null,null,null,null,null,null,null,null,null,null,null,null,null,null,null],[null,null,null,null,null,null,null,null,null,null,null,null,null,null,null],[null,null,null,null,null,null,null,null,null,null,null,null,null,null,null],[null,null,null,null,null,null,null,null,null,null,null,null,null,null,null],[null,null,null,null,null,null,null,null,null,null,null,null,null,null,null],[null,null,null,null,null,null,null,null,null,null,null,null,null,null,null],[null,null,null,null,null,null,null,null,null,null,null,null,null,null,null],[null,null,null,null,null,null,null,null,null,null,null,null,null,null,null],[null,null,null,null,null,null,null,null,null,null,null,null,null,null,null],[null,null,null,null,null,null,null,null,null,null,null,null,null,null,null],[null,null,null,null,null,null,null,null,null,null,null,null,null,null,null],[null,null,null,null,null,null,null,null,null,null,null,null,null,null,null],[null,null,null,null,null,null,null,null,null,null,null,null,null,null,null]],"chessBoardX":[21,64,107,150,193,236,279,322,365,408,451,494,537,580,623],"chessBoardY":[321,364,407,450,493,536,579,622,665,708,751,794,837,880,923]}}
 [39m
[32m  [INFO] [2020-07-22T13:03:20.874] [D:\Projects\NodeJS\node\src\Service\RoomHandle.ts 3929] [进程ID：12052] -- 用户: 1 创建房间：2085993 成功
 [39m
[32m  [INFO] [2020-07-22T13:03:20.876] [D:\Projects\NodeJS\node\src\Dao\Redis.ts 8933] [进程ID：12052] -- 删除缓存2085993~2085993成功
 [39m
[32m  [INFO] [2020-07-22T13:03:20.876] [D:\Projects\NodeJS\node\src\Dao\Redis.ts 6437] [进程ID：12052] -- rooms 缓存数为0
 [39m
[32m  [INFO] [2020-07-22T13:03:20.877] [D:\Projects\NodeJS\node\src\Dao\Redis.ts 11337] [进程ID：12052] -- 添加缓存成功 value: {"roomNum":"2085993","player":[{"userId":3,"socketId":"test"}],"chessBoard":{"chessBoard":[[null,null,null,null,null,null,null,null,null,null,null,null,null,null,null],[null,null,null,null,null,null,null,null,null,null,null,null,null,null,null],[null,null,null,null,null,null,null,null,null,null,null,null,null,null,null],[null,null,null,null,null,null,null,null,null,null,null,null,null,null,null],[null,null,null,null,null,null,null,null,null,null,null,null,null,null,null],[null,null,null,null,null,null,null,null,null,null,null,null,null,null,null],[null,null,null,null,null,null,null,null,null,null,null,null,null,null,null],[null,null,null,null,null,null,null,null,null,null,null,null,null,null,null],[null,null,null,null,null,null,null,null,null,null,null,null,null,null,null],[null,null,null,null,null,null,null,null,null,null,null,null,null,null,null],[null,null,null,null,null,null,null,null,null,null,null,null,null,null,null],[null,null,null,null,null,null,null,null,null,null,null,null,null,null,null],[null,null,null,null,null,null,null,null,null,null,null,null,null,null,null],[null,null,null,null,null,null,null,null,null,null,null,null,null,null,null],[null,null,null,null,null,null,null,null,null,null,null,null,null,null,null]],"chessBoardX":[21,64,107,150,193,236,279,322,365,408,451,494,537,580,623],"chessBoardY":[321,364,407,450,493,536,579,622,665,708,751,794,837,880,923]}}
 [39m
[32m  [INFO] [2020-07-22T13:08:04.719] [D:\Projects\NodeJS\node\src\Dao\Redis.ts 6437] [进程ID：1276] -- rooms 缓存数为0
 [39m
[32m  [INFO] [2020-07-22T13:08:04.721] [D:\Projects\NodeJS\node\src\Dao\Redis.ts 11337] [进程ID：1276] -- 添加缓存成功 value: {"roomNum":"471154","player":[{"userId":"1","socketId":"test"}],"chessBoard":{"chessBoard":[[null,null,null,null,null,null,null,null,null,null,null,null,null,null,null],[null,null,null,null,null,null,null,null,null,null,null,null,null,null,null],[null,null,null,null,null,null,null,null,null,null,null,null,null,null,null],[null,null,null,null,null,null,null,null,null,null,null,null,null,null,null],[null,null,null,null,null,null,null,null,null,null,null,null,null,null,null],[null,null,null,null,null,null,null,null,null,null,null,null,null,null,null],[null,null,null,null,null,null,null,null,null,null,null,null,null,null,null],[null,null,null,null,null,null,null,null,null,null,null,null,null,null,null],[null,null,null,null,null,null,null,null,null,null,null,null,null,null,null],[null,null,null,null,null,null,null,null,null,null,null,null,null,null,null],[null,null,null,null,null,null,null,null,null,null,null,null,null,null,null],[null,null,null,null,null,null,null,null,null,null,null,null,null,null,null],[null,null,null,null,null,null,null,null,null,null,null,null,null,null,null],[null,null,null,null,null,null,null,null,null,null,null,null,null,null,null],[null,null,null,null,null,null,null,null,null,null,null,null,null,null,null]],"chessBoardX":[21,64,107,150,193,236,279,322,365,408,451,494,537,580,623],"chessBoardY":[321,364,407,450,493,536,579,622,665,708,751,794,837,880,923]}}
 [39m
[32m  [INFO] [2020-07-22T13:08:04.726] [D:\Projects\NodeJS\node\src\Service\RoomHandle.ts 3929] [进程ID：1276] -- 用户: 1 创建房间：471154 成功
 [39m
[32m  [INFO] [2020-07-22T13:08:04.727] [D:\Projects\NodeJS\node\src\Dao\Redis.ts 8933] [进程ID：1276] -- 删除缓存471154~471154成功
 [39m
[32m  [INFO] [2020-07-22T13:08:04.728] [D:\Projects\NodeJS\node\src\Dao\Redis.ts 6437] [进程ID：1276] -- rooms 缓存数为0
 [39m
[32m  [INFO] [2020-07-22T13:08:04.730] [D:\Projects\NodeJS\node\src\Dao\Redis.ts 11337] [进程ID：1276] -- 添加缓存成功 value: {"roomNum":"471154","player":[{"userId":3,"socketId":"test"}],"chessBoard":{"chessBoard":[[null,null,null,null,null,null,null,null,null,null,null,null,null,null,null],[null,null,null,null,null,null,null,null,null,null,null,null,null,null,null],[null,null,null,null,null,null,null,null,null,null,null,null,null,null,null],[null,null,null,null,null,null,null,null,null,null,null,null,null,null,null],[null,null,null,null,null,null,null,null,null,null,null,null,null,null,null],[null,null,null,null,null,null,null,null,null,null,null,null,null,null,null],[null,null,null,null,null,null,null,null,null,null,null,null,null,null,null],[null,null,null,null,null,null,null,null,null,null,null,null,null,null,null],[null,null,null,null,null,null,null,null,null,null,null,null,null,null,null],[null,null,null,null,null,null,null,null,null,null,null,null,null,null,null],[null,null,null,null,null,null,null,null,null,null,null,null,null,null,null],[null,null,null,null,null,null,null,null,null,null,null,null,null,null,null],[null,null,null,null,null,null,null,null,null,null,null,null,null,null,null],[null,null,null,null,null,null,null,null,null,null,null,null,null,null,null],[null,null,null,null,null,null,null,null,null,null,null,null,null,null,null]],"chessBoardX":[21,64,107,150,193,236,279,322,365,408,451,494,537,580,623],"chessBoardY":[321,364,407,450,493,536,579,622,665,708,751,794,837,880,923]}}
 [39m
[32m  [INFO] [2020-07-22T13:08:20.878] [D:\Projects\NodeJS\node\src\Dao\Redis.ts 6437] [进程ID：6468] -- rooms 缓存数为0
 [39m
[32m  [INFO] [2020-07-22T13:08:20.880] [D:\Projects\NodeJS\node\src\Dao\Redis.ts 11337] [进程ID：6468] -- 添加缓存成功 value: {"roomNum":"2087020","player":[{"userId":"1","socketId":"test"}],"chessBoard":{"chessBoard":[[null,null,null,null,null,null,null,null,null,null,null,null,null,null,null],[null,null,null,null,null,null,null,null,null,null,null,null,null,null,null],[null,null,null,null,null,null,null,null,null,null,null,null,null,null,null],[null,null,null,null,null,null,null,null,null,null,null,null,null,null,null],[null,null,null,null,null,null,null,null,null,null,null,null,null,null,null],[null,null,null,null,null,null,null,null,null,null,null,null,null,null,null],[null,null,null,null,null,null,null,null,null,null,null,null,null,null,null],[null,null,null,null,null,null,null,null,null,null,null,null,null,null,null],[null,null,null,null,null,null,null,null,null,null,null,null,null,null,null],[null,null,null,null,null,null,null,null,null,null,null,null,null,null,null],[null,null,null,null,null,null,null,null,null,null,null,null,null,null,null],[null,null,null,null,null,null,null,null,null,null,null,null,null,null,null],[null,null,null,null,null,null,null,null,null,null,null,null,null,null,null],[null,null,null,null,null,null,null,null,null,null,null,null,null,null,null],[null,null,null,null,null,null,null,null,null,null,null,null,null,null,null]],"chessBoardX":[21,64,107,150,193,236,279,322,365,408,451,494,537,580,623],"chessBoardY":[321,364,407,450,493,536,579,622,665,708,751,794,837,880,923]}}
 [39m
[32m  [INFO] [2020-07-22T13:08:20.892] [D:\Projects\NodeJS\node\src\Service\RoomHandle.ts 3929] [进程ID：6468] -- 用户: 1 创建房间：2087020 成功
 [39m
[32m  [INFO] [2020-07-22T13:08:20.893] [D:\Projects\NodeJS\node\src\Dao\Redis.ts 8933] [进程ID：6468] -- 删除缓存2087020~2087020成功
 [39m
[32m  [INFO] [2020-07-22T13:08:20.895] [D:\Projects\NodeJS\node\src\Dao\Redis.ts 6437] [进程ID：6468] -- rooms 缓存数为0
 [39m
[32m  [INFO] [2020-07-22T13:08:20.896] [D:\Projects\NodeJS\node\src\Dao\Redis.ts 11337] [进程ID：6468] -- 添加缓存成功 value: {"roomNum":"2087020","player":[{"userId":3,"socketId":"test"}],"chessBoard":{"chessBoard":[[null,null,null,null,null,null,null,null,null,null,null,null,null,null,null],[null,null,null,null,null,null,null,null,null,null,null,null,null,null,null],[null,null,null,null,null,null,null,null,null,null,null,null,null,null,null],[null,null,null,null,null,null,null,null,null,null,null,null,null,null,null],[null,null,null,null,null,null,null,null,null,null,null,null,null,null,null],[null,null,null,null,null,null,null,null,null,null,null,null,null,null,null],[null,null,null,null,null,null,null,null,null,null,null,null,null,null,null],[null,null,null,null,null,null,null,null,null,null,null,null,null,null,null],[null,null,null,null,null,null,null,null,null,null,null,null,null,null,null],[null,null,null,null,null,null,null,null,null,null,null,null,null,null,null],[null,null,null,null,null,null,null,null,null,null,null,null,null,null,null],[null,null,null,null,null,null,null,null,null,null,null,null,null,null,null],[null,null,null,null,null,null,null,null,null,null,null,null,null,null,null],[null,null,null,null,null,null,null,null,null,null,null,null,null,null,null],[null,null,null,null,null,null,null,null,null,null,null,null,null,null,null]],"chessBoardX":[21,64,107,150,193,236,279,322,365,408,451,494,537,580,623],"chessBoardY":[321,364,407,450,493,536,579,622,665,708,751,794,837,880,923]}}
 [39m
[32m  [INFO] [2020-07-22T13:09:01.543] [D:\Projects\NodeJS\node\src\Dao\Redis.ts 6437] [进程ID：11556] -- rooms 缓存数为0
 [39m
[32m  [INFO] [2020-07-22T13:09:01.545] [D:\Projects\NodeJS\node\src\Dao\Redis.ts 11337] [进程ID：11556] -- 添加缓存成功 value: {"roomNum":"153568","player":[{"userId":"1","socketId":"test"}],"chessBoard":{"chessBoard":[[null,null,null,null,null,null,null,null,null,null,null,null,null,null,null],[null,null,null,null,null,null,null,null,null,null,null,null,null,null,null],[null,null,null,null,null,null,null,null,null,null,null,null,null,null,null],[null,null,null,null,null,null,null,null,null,null,null,null,null,null,null],[null,null,null,null,null,null,null,null,null,null,null,null,null,null,null],[null,null,null,null,null,null,null,null,null,null,null,null,null,null,null],[null,null,null,null,null,null,null,null,null,null,null,null,null,null,null],[null,null,null,null,null,null,null,null,null,null,null,null,null,null,null],[null,null,null,null,null,null,null,null,null,null,null,null,null,null,null],[null,null,null,null,null,null,null,null,null,null,null,null,null,null,null],[null,null,null,null,null,null,null,null,null,null,null,null,null,null,null],[null,null,null,null,null,null,null,null,null,null,null,null,null,null,null],[null,null,null,null,null,null,null,null,null,null,null,null,null,null,null],[null,null,null,null,null,null,null,null,null,null,null,null,null,null,null],[null,null,null,null,null,null,null,null,null,null,null,null,null,null,null]],"chessBoardX":[21,64,107,150,193,236,279,322,365,408,451,494,537,580,623],"chessBoardY":[321,364,407,450,493,536,579,622,665,708,751,794,837,880,923]}}
 [39m
[32m  [INFO] [2020-07-22T13:09:01.550] [D:\Projects\NodeJS\node\src\Service\RoomHandle.ts 3929] [进程ID：11556] -- 用户: 1 创建房间：153568 成功
 [39m
[32m  [INFO] [2020-07-22T13:09:01.551] [D:\Projects\NodeJS\node\src\Dao\Redis.ts 8933] [进程ID：11556] -- 删除缓存153568~153568成功
 [39m
[32m  [INFO] [2020-07-22T13:09:01.553] [D:\Projects\NodeJS\node\src\Dao\Redis.ts 6437] [进程ID：11556] -- rooms 缓存数为0
 [39m
[32m  [INFO] [2020-07-22T13:09:01.554] [D:\Projects\NodeJS\node\src\Dao\Redis.ts 11337] [进程ID：11556] -- 添加缓存成功 value: {"roomNum":"153568","player":[{"userId":3,"socketId":"test"}],"chessBoard":{"chessBoard":[[null,null,null,null,null,null,null,null,null,null,null,null,null,null,null],[null,null,null,null,null,null,null,null,null,null,null,null,null,null,null],[null,null,null,null,null,null,null,null,null,null,null,null,null,null,null],[null,null,null,null,null,null,null,null,null,null,null,null,null,null,null],[null,null,null,null,null,null,null,null,null,null,null,null,null,null,null],[null,null,null,null,null,null,null,null,null,null,null,null,null,null,null],[null,null,null,null,null,null,null,null,null,null,null,null,null,null,null],[null,null,null,null,null,null,null,null,null,null,null,null,null,null,null],[null,null,null,null,null,null,null,null,null,null,null,null,null,null,null],[null,null,null,null,null,null,null,null,null,null,null,null,null,null,null],[null,null,null,null,null,null,null,null,null,null,null,null,null,null,null],[null,null,null,null,null,null,null,null,null,null,null,null,null,null,null],[null,null,null,null,null,null,null,null,null,null,null,null,null,null,null],[null,null,null,null,null,null,null,null,null,null,null,null,null,null,null],[null,null,null,null,null,null,null,null,null,null,null,null,null,null,null]],"chessBoardX":[21,64,107,150,193,236,279,322,365,408,451,494,537,580,623],"chessBoardY":[321,364,407,450,493,536,579,622,665,708,751,794,837,880,923]}}
 [39m
[32m  [INFO] [2020-07-22T13:21:21.688] [D:\Projects\NodeJS\node\src\Dao\Redis.ts 8933] [进程ID：4792] -- 删除缓存153568~153568成功
 [39m
[32m  [INFO] [2020-07-22T13:21:21.691] [D:\Projects\NodeJS\node\src\Dao\Redis.ts 6437] [进程ID：4792] -- rooms 缓存数为0
 [39m
[32m  [INFO] [2020-07-22T13:22:11.110] [D:\Projects\NodeJS\node\src\Dao\Redis.ts 6437] [进程ID：11404] -- rooms 缓存数为0
 [39m
[32m  [INFO] [2020-07-22T13:23:10.455] [D:\Projects\NodeJS\node\src\Dao\Redis.ts 6437] [进程ID：8160] -- rooms 缓存数为0
 [39m
[32m  [INFO] [2020-07-22T13:25:18.101] [D:\Projects\NodeJS\node\src\Service\RoomHandle.ts 9933] [进程ID：8780] -- 用户：2已退出加入房间：153568
 [39m
[32m  [INFO] [2020-07-22T13:25:59.396] [D:\Projects\NodeJS\node\src\Dao\Redis.ts 8933] [进程ID：1400] -- 删除缓存471154~471154成功
 [39m
[32m  [INFO] [2020-07-22T13:29:48.827] [D:\Projects\NodeJS\node\src\Dao\Redis.ts 8933] [进程ID：7776] -- 删除缓存471154~471154成功
 [39m
[32m  [INFO] [2020-07-22T13:30:28.021] [D:\Projects\NodeJS\node\src\Service\RoomHandle.ts 10433] [进程ID：1184] -- 用户：2已退出加入房间：471154
 [39m
[32m  [INFO] [2020-07-22T13:35:13.666] [D:\Projects\NodeJS\node\src\Dao\Redis.ts 8933] [进程ID：9632] -- 删除缓存2087020~2087020成功
 [39m
[32m  [INFO] [2020-07-22T13:35:59.975] [D:\Projects\NodeJS\node\src\Service\RoomHandle.ts 10537] [进程ID：9852] -- 用户：2已退出加入房间：2087020
 [39m
[32m  [INFO] [2020-07-22T13:35:59.980] [D:\Projects\NodeJS\node\src\Dao\Redis.ts 8933] [进程ID：9852] -- 删除缓存2087020~2087020成功
 [39m
[32m  [INFO] [2020-07-22T13:36:26.932] [D:\Projects\NodeJS\node\src\Service\RoomHandle.ts 10537] [进程ID：1460] -- 用户：3已退出加入房间：2087020
 [39m
[32m  [INFO] [2020-07-22T13:43:44.805] [D:\Projects\NodeJS\node\src\Dao\Redis.ts 6437] [进程ID：11792] -- rooms 缓存数为0
 [39m
[32m  [INFO] [2020-07-22T13:43:52.898] [D:\Projects\NodeJS\node\src\Dao\Redis.ts 6437] [进程ID：8552] -- rooms 缓存数为0
 [39m
[32m  [INFO] [2020-07-22T13:43:55.887] [D:\Projects\NodeJS\node\src\Dao\Redis.ts 6437] [进程ID：10756] -- rooms 缓存数为0
 [39m
[32m  [INFO] [2020-07-22T13:43:58.933] [D:\Projects\NodeJS\node\src\Dao\Redis.ts 6437] [进程ID：11684] -- rooms 缓存数为0
 [39m
[32m  [INFO] [2020-07-22T13:48:02.595] [D:\Projects\NodeJS\node\src\Dao\Redis.ts 8933] [进程ID：2948] -- 删除缓存447971~447971成功
 [39m
[32m  [INFO] [2020-07-22T13:48:02.597] [D:\Projects\NodeJS\node\src\Dao\Redis.ts 6437] [进程ID：2948] -- rooms 缓存数为0
 [39m
[32m  [INFO] [2020-07-22T13:51:02.475] [D:\Projects\NodeJS\node\src\Service\RoomHandle.ts 5829] [进程ID：6928] -- 用户：5加入匹配队列
 [39m
[32m  [INFO] [2020-07-22T13:51:02.481] [D:\Projects\NodeJS\node\src\Dao\Redis.ts 8933] [进程ID：6928] -- 删除缓存5289017~5289017成功
 [39m
[32m  [INFO] [2020-07-22T13:51:02.488] [D:\Projects\NodeJS\node\src\Dao\Redis.ts 6437] [进程ID：6928] -- rooms 缓存数为0
 [39m
